<?xml version="1.0" encoding="UTF-8"?>
<testng-results ignored="0" total="1" passed="1" failed="0" skipped="0">
  <reporter-output>
  </reporter-output>
  <suite started-at="2021-11-02T13:11:25 GMT" name="Default suite" finished-at="2021-11-02T13:14:43 GMT" duration-ms="198207">
    <groups>
    </groups>
    <test started-at="2021-11-02T13:11:25 GMT" name="Default test" finished-at="2021-11-02T13:14:43 GMT" duration-ms="198207">
      <class name="ExecutionClasses.Onetest3">
        <test-method is-config="true" signature="launchBrowser()[pri:0, instance:ExecutionClasses.Onetest3@35dab4eb]" started-at="2021-11-02T13:11:25 GMT" name="launchBrowser" finished-at="2021-11-02T13:11:26 GMT" duration-ms="1358" status="PASS">
          <reporter-output>
          </reporter-output>
        </test-method> <!-- launchBrowser -->
        <test-method signature="AdminUserSubmitRecords()[pri:0, instance:ExecutionClasses.Onetest3@35dab4eb]" started-at="2021-11-02T13:11:26 GMT" name="AdminUserSubmitRecords" finished-at="2021-11-02T13:14:43 GMT" duration-ms="196752" status="PASS">
          <reporter-output>
          </reporter-output>
        </test-method> <!-- AdminUserSubmitRecords -->
        <test-method is-config="true" signature="CloseBroswer()[pri:0, instance:ExecutionClasses.Onetest3@35dab4eb]" started-at="2021-11-02T13:14:43 GMT" name="CloseBroswer" finished-at="2021-11-02T13:14:43 GMT" duration-ms="80" status="PASS">
          <reporter-output>
          </reporter-output>
        </test-method> <!-- CloseBroswer -->
      </class> <!-- ExecutionClasses.Onetest3 -->
    </test> <!-- Default test -->
  </suite> <!-- Default suite -->
</testng-results>
